2017-10-07T05:42:38.735Z - normal: Load ~/.CocosCreator/settings.json
2017-10-07T05:42:38.844Z - normal: checking language setting...
2017-10-07T05:42:38.845Z - normal: Language: en
2017-10-07T05:42:56.089Z - success: protocol editor-framework registered
2017-10-07T05:42:56.090Z - success: protocol app registered
2017-10-07T05:42:56.090Z - success: protocol theme registered
2017-10-07T05:42:56.090Z - success: protocol profile registered
2017-10-07T05:42:56.090Z - success: protocol packages registered
2017-10-07T05:42:56.091Z - success: protocol unpack registerred
2017-10-07T05:42:56.091Z - success: protocol disable-commonjs registerred
2017-10-07T05:42:56.777Z - normal: connected!
2017-10-07T05:42:56.781Z - normal: Check project C:\Users\student\Desktop\act1
2017-10-07T05:42:56.787Z - normal: Initializing Cocos2d
2017-10-07T05:43:01.479Z - normal: Initializing Asset Database
2017-10-07T05:43:01.572Z - success: protocol uuid registerred
2017-10-07T05:43:01.572Z - success: protocol db registerred
2017-10-07T05:43:01.572Z - success: protocol thumbnail registerred
2017-10-07T05:43:01.573Z - normal: Loading editor/builtin packages
2017-10-07T05:43:01.995Z - success: anysdk loaded
2017-10-07T05:43:02.874Z - success: assets loaded
2017-10-07T05:43:02.878Z - success: builder loaded
2017-10-07T05:43:02.905Z - success: hierarchy loaded
2017-10-07T05:43:02.912Z - success: inspector loaded
2017-10-07T05:43:02.916Z - success: keystore loaded
2017-10-07T05:43:02.923Z - success: node-library loaded
2017-10-07T05:43:02.931Z - success: package-asset loaded
2017-10-07T05:43:02.935Z - success: preferences loaded
2017-10-07T05:43:02.938Z - success: project-exporter loaded
2017-10-07T05:43:02.956Z - success: project-importer loaded
2017-10-07T05:43:02.959Z - success: project-settings loaded
2017-10-07T05:43:02.965Z - success: ui-kit loaded
2017-10-07T05:43:02.977Z - success: ui-grid loaded
2017-10-07T05:43:02.981Z - success: scene loaded
2017-10-07T05:43:02.983Z - success: sprite-editor loaded
2017-10-07T05:43:02.986Z - success: store loaded
2017-10-07T05:43:02.995Z - success: timeline loaded
2017-10-07T05:43:02.995Z - normal: Loading builtin packages
2017-10-07T05:43:03.009Z - success: asset-db-debugger loaded
2017-10-07T05:43:03.010Z - success: color-picker loaded
2017-10-07T05:43:03.020Z - success: console loaded
2017-10-07T05:43:03.023Z - success: package-manager loaded
2017-10-07T05:43:03.035Z - success: sdkbox loaded
2017-10-07T05:43:03.038Z - success: tester loaded
2017-10-07T05:43:03.041Z - success: ui-kit-preview-extra loaded
2017-10-07T05:43:03.043Z - success: ui-kit-preview loaded
2017-10-07T05:43:03.045Z - success: ui-tree loaded
2017-10-07T05:43:04.932Z - normal: Initializing project C:\Users\student\Desktop\act1
2017-10-07T05:43:04.947Z - normal: Loading packages
2017-10-07T05:43:04.954Z - normal: Watching packages
2017-10-07T05:43:04.989Z - normal: Run Application
2017-10-07T05:43:07.662Z - success: preview server running at http://localhost:7456
2017-10-07T05:43:36.336Z - normal: 1.6.1
